c:\users\axel bruyere\projet_tsi\build\tools\tools.dir\debug\tools.pdb
c:\users\axel bruyere\projet_tsi\build\tools\tools.dir\debug\vertex_opengl.obj
c:\users\axel bruyere\projet_tsi\build\tools\tools.dir\debug\vec3.obj
c:\users\axel bruyere\projet_tsi\build\tools\tools.dir\debug\vec2.obj
c:\users\axel bruyere\projet_tsi\build\tools\tools.dir\debug\triangle_index.obj
c:\users\axel bruyere\projet_tsi\build\tools\tools.dir\debug\tga.obj
c:\users\axel bruyere\projet_tsi\build\tools\tools.dir\debug\mesh.obj
c:\users\axel bruyere\projet_tsi\build\tools\tools.dir\debug\mat4.obj
c:\users\axel bruyere\projet_tsi\build\tools\tools.dir\debug\glhelper.obj
c:\users\axel bruyere\projet_tsi\build\tools\tools.dir\debug\mesh_io_off.obj
c:\users\axel bruyere\projet_tsi\build\tools\tools.dir\debug\mesh_io_obj.obj
c:\users\axel bruyere\projet_tsi\build\tools\cmakefiles\generate.stamp
c:\users\axel bruyere\projet_tsi\build\tools\debug\tools.lib
c:\users\axel bruyere\desktop\tsi\projet_tsi\build\tools\tools.dir\debug\glhelper.obj
c:\users\axel bruyere\desktop\tsi\projet_tsi\build\tools\tools.dir\debug\mat4.obj
c:\users\axel bruyere\desktop\tsi\projet_tsi\build\tools\tools.dir\debug\mesh.obj
c:\users\axel bruyere\desktop\tsi\projet_tsi\build\tools\tools.dir\debug\mesh_io_obj.obj
c:\users\axel bruyere\desktop\tsi\projet_tsi\build\tools\tools.dir\debug\mesh_io_off.obj
c:\users\axel bruyere\desktop\tsi\projet_tsi\build\tools\tools.dir\debug\tga.obj
c:\users\axel bruyere\desktop\tsi\projet_tsi\build\tools\tools.dir\debug\triangle_index.obj
c:\users\axel bruyere\desktop\tsi\projet_tsi\build\tools\tools.dir\debug\vec2.obj
c:\users\axel bruyere\desktop\tsi\projet_tsi\build\tools\tools.dir\debug\vec3.obj
c:\users\axel bruyere\desktop\tsi\projet_tsi\build\tools\tools.dir\debug\vertex_opengl.obj
c:\users\axel bruyere\desktop\tsi\projet_tsi\build\tools\tools.dir\debug\tools.pdb
c:\users\axel bruyere\desktop\tsi\projet_tsi\build\tools\tools.dir\debug\tools.tlog\cl.command.1.tlog
c:\users\axel bruyere\desktop\tsi\projet_tsi\build\tools\tools.dir\debug\tools.tlog\cl.read.1.tlog
c:\users\axel bruyere\desktop\tsi\projet_tsi\build\tools\tools.dir\debug\tools.tlog\cl.write.1.tlog
c:\users\axel bruyere\desktop\tsi\projet_tsi\build\tools\tools.dir\debug\tools.tlog\custombuild.command.1.tlog
c:\users\axel bruyere\desktop\tsi\projet_tsi\build\tools\tools.dir\debug\tools.tlog\custombuild.read.1.tlog
c:\users\axel bruyere\desktop\tsi\projet_tsi\build\tools\tools.dir\debug\tools.tlog\custombuild.write.1.tlog
c:\users\axel bruyere\desktop\tsi\projet_tsi\build\tools\tools.dir\debug\tools.tlog\lib-link.read.1.tlog
c:\users\axel bruyere\desktop\tsi\projet_tsi\build\tools\tools.dir\debug\tools.tlog\lib-link.write.1.tlog
c:\users\axel bruyere\desktop\tsi\projet_tsi\build\tools\tools.dir\debug\tools.tlog\lib.command.1.tlog
